<?xml version="1.0" encoding="UTF-8"?>
<testsuite name="TestAcmePayments" tests="1" skipped="0" failures="0" errors="0" timestamp="2022-06-19T23:31:02" hostname="DESKTOP-IQ8N2BU" time="0.104">
  <properties/>
  <testcase name="test_calculate_payment()" classname="TestAcmePayments" time="0.104"/>
  <system-out><![CDATA[]]></system-out>
  <system-err><![CDATA[]]></system-err>
</testsuite>
